+3,340,000,000 [00:00:17.257] : Σ(RTP=115.838% hit=12.60) max-win=3643.50 w/b=11,763,500/10,000,000
      Σ(RTP Base(Lines=25.735%, Coins=10.037%) Re-Spin=28.036% Free-Spin=52.029% )
      Σ mean 1.1584, σ² 182.427, σ 13.507, SE ±0, ME ±0, CI 115.8377% ~ 115.8377%
      Σ maxWin count = 727, hit = 1 in 4,594,223
      Σ Re-Spin count = 221,736,136, Re-Spin Occurence = 1 in 34.015
      Σ FS: 0% fs: 1 = 0.696%, 2 = 0.035%, 3 = 0.001%, 4 = 0%,  Σ count = 24,429,233, hit = 1 in 137
      Σ BG_reelSet1 = 95.014%, BG_reelSet2 = 4.89%, BG_reelSet3 = 0.096%,
      rounds/sec = 57,977.51
+3,341,000,000 [00:00:17.296] : Σ(RTP=115.837% hit=12.60) max-win=2414.50 w/b=11,447,800/10,000,000
      Σ(RTP Base(Lines=25.735%, Coins=10.037%) Re-Spin=28.036% Free-Spin=52.028% )
      Σ mean 1.1584, σ² 182.425, σ 13.507, SE ±0, ME ±0, CI 115.8373% ~ 115.8373%
      Σ maxWin count = 727, hit = 1 in 4,595,598
      Σ Re-Spin count = 221,802,039, Re-Spin Occurence = 1 in 34.015
      Σ FS: 0% fs: 1 = 0.696%, 2 = 0.035%, 3 = 0.001%, 4 = 0%,  Σ count = 24,436,526, hit = 1 in 137
      Σ BG_reelSet1 = 95.014%, BG_reelSet2 = 4.89%, BG_reelSet3 = 0.096%,
      rounds/sec = 57,977.46
+3,342,000,000 [00:00:17.244] : Σ(RTP=115.837% hit=12.60) max-win=5000.00 w/b=11,581,995/10,000,000
      Σ(RTP Base(Lines=25.735%, Coins=10.037%) Re-Spin=28.036% Free-Spin=52.028% )
      Σ mean 1.1584, σ² 182.436, σ 13.507, SE ±0, ME ±0, CI 115.8373% ~ 115.8373%
      Σ maxWin count = 729, hit = 1 in 4,584,362
      Σ Re-Spin count = 221,868,702, Re-Spin Occurence = 1 in 34.015
      Σ FS: 0% fs: 1 = 0.696%, 2 = 0.035%, 3 = 0.001%, 4 = 0%,  Σ count = 24,443,811, hit = 1 in 137
      Σ BG_reelSet1 = 95.014%, BG_reelSet2 = 4.89%, BG_reelSet3 = 0.096%,
      rounds/sec = 57,977.46
+3,343,000,000 [00:00:17.270] : Σ(RTP=115.837% hit=12.60) max-win=2694.50 w/b=11,547,955/10,000,000
      Σ(RTP Base(Lines=25.736%, Coins=10.037%) Re-Spin=28.036% Free-Spin=52.028% )
      Σ mean 1.1584, σ² 182.432, σ 13.507, SE ±0, ME ±0, CI 115.8372% ~ 115.8372%
      Σ maxWin count = 729, hit = 1 in 4,585,734
      Σ Re-Spin count = 221,935,321, Re-Spin Occurence = 1 in 34.015
      Σ FS: 0% fs: 1 = 0.696%, 2 = 0.035%, 3 = 0.001%, 4 = 0%,  Σ count = 24,451,255, hit = 1 in 137
      Σ BG_reelSet1 = 95.014%, BG_reelSet2 = 4.89%, BG_reelSet3 = 0.096%,
      rounds/sec = 57,977.43
+3,344,000,000 [00:00:17.228] : Σ(RTP=115.837% hit=12.60) max-win=3500.50 w/b=11,419,245/10,000,000
      Σ(RTP Base(Lines=25.736%, Coins=10.037%) Re-Spin=28.036% Free-Spin=52.028% )
      Σ mean 1.1584, σ² 182.429, σ 13.507, SE ±0, ME ±0, CI 115.8367% ~ 115.8367%
      Σ maxWin count = 729, hit = 1 in 4,587,106
      Σ Re-Spin count = 222,002,016, Re-Spin Occurence = 1 in 34.015
      Σ FS: 0% fs: 1 = 0.696%, 2 = 0.035%, 3 = 0.001%, 4 = 0%,  Σ count = 24,458,496, hit = 1 in 137
      Σ BG_reelSet1 = 95.014%, BG_reelSet2 = 4.89%, BG_reelSet3 = 0.096%,
      rounds/sec = 57,977.43
+3,345,000,000 [00:00:17.315] : Σ(RTP=115.836% hit=12.60) max-win=2449.50 w/b=11,341,690/10,000,000
      Σ(RTP Base(Lines=25.736%, Coins=10.037%) Re-Spin=28.036% Free-Spin=52.027% )
      Σ mean 1.1584, σ² 182.422, σ 13.506, SE ±0, ME ±0, CI 115.836% ~ 115.836%
      Σ maxWin count = 729, hit = 1 in 4,588,477
      Σ Re-Spin count = 222,068,739, Re-Spin Occurence = 1 in 34.015
      Σ FS: 0% fs: 1 = 0.696%, 2 = 0.035%, 3 = 0.001%, 4 = 0%,  Σ count = 24,465,728, hit = 1 in 137
      Σ BG_reelSet1 = 95.014%, BG_reelSet2 = 4.89%, BG_reelSet3 = 0.096%,
      rounds/sec = 57,977.36
+3,346,000,000 [00:00:17.246] : Σ(RTP=115.836% hit=12.60) max-win=2421.50 w/b=11,465,775/10,000,000
      Σ(RTP Base(Lines=25.735%, Coins=10.037%) Re-Spin=28.036% Free-Spin=52.027% )
      Σ mean 1.1584, σ² 182.418, σ 13.506, SE ±0, ME ±0, CI 115.8356% ~ 115.8357%
      Σ maxWin count = 729, hit = 1 in 4,589,849
      Σ Re-Spin count = 222,135,114, Re-Spin Occurence = 1 in 34.015
      Σ FS: 0% fs: 1 = 0.696%, 2 = 0.035%, 3 = 0.001%, 4 = 0%,  Σ count = 24,472,955, hit = 1 in 137
      Σ BG_reelSet1 = 95.014%, BG_reelSet2 = 4.89%, BG_reelSet3 = 0.096%,
      rounds/sec = 57,977.36
+3,347,000,000 [00:00:17.211] : Σ(RTP=115.835% hit=12.60) max-win=1991.00 w/b=11,319,325/10,000,000
      Σ(RTP Base(Lines=25.735%, Coins=10.037%) Re-Spin=28.036% Free-Spin=52.026% )
      Σ mean 1.1583, σ² 182.411, σ 13.506, SE ±0, ME ±0, CI 115.8348% ~ 115.8349%
      Σ maxWin count = 729, hit = 1 in 4,591,221
      Σ Re-Spin count = 222,201,165, Re-Spin Occurence = 1 in 34.015
      Σ FS: 0% fs: 1 = 0.696%, 2 = 0.035%, 3 = 0.001%, 4 = 0%,  Σ count = 24,480,180, hit = 1 in 137
      Σ BG_reelSet1 = 95.014%, BG_reelSet2 = 4.89%, BG_reelSet3 = 0.096%,
      rounds/sec = 57,977.39
+3,348,000,000 [00:00:17.255] : Σ(RTP=115.835% hit=12.60) max-win=2222.00 w/b=11,656,305/10,000,000
      Σ(RTP Base(Lines=25.735%, Coins=10.037%) Re-Spin=28.036% Free-Spin=52.027% )
      Σ mean 1.1584, σ² 182.415, σ 13.506, SE ±0, ME ±0, CI 115.8351% ~ 115.8351%
      Σ maxWin count = 729, hit = 1 in 4,592,593
      Σ Re-Spin count = 222,266,844, Re-Spin Occurence = 1 in 34.015
      Σ FS: 0% fs: 1 = 0.696%, 2 = 0.035%, 3 = 0.001%, 4 = 0%,  Σ count = 24,487,504, hit = 1 in 137
      Σ BG_reelSet1 = 95.014%, BG_reelSet2 = 4.89%, BG_reelSet3 = 0.096%,
      rounds/sec = 57,977.38
+3,349,000,000 [00:00:17.280] : Σ(RTP=115.835% hit=12.60) max-win=1713.50 w/b=11,591,170/10,000,000
      Σ(RTP Base(Lines=25.735%, Coins=10.037%) Re-Spin=28.036% Free-Spin=52.026% )
      Σ mean 1.1584, σ² 182.409, σ 13.506, SE ±0, ME ±0, CI 115.8351% ~ 115.8351%
      Σ maxWin count = 729, hit = 1 in 4,593,964
      Σ Re-Spin count = 222,333,973, Re-Spin Occurence = 1 in 34.015
      Σ FS: 0% fs: 1 = 0.696%, 2 = 0.035%, 3 = 0.001%, 4 = 0%,  Σ count = 24,494,687, hit = 1 in 137
      Σ BG_reelSet1 = 95.014%, BG_reelSet2 = 4.89%, BG_reelSet3 = 0.096%,
      rounds/sec = 57,977.35
+3,350,000,000 [00:00:17.302] : Σ(RTP=115.835% hit=12.60) max-win=2887.00 w/b=11,689,455/10,000,000
      Σ(RTP Base(Lines=25.735%, Coins=10.037%) Re-Spin=28.036% Free-Spin=52.027% )
      Σ mean 1.1584, σ² 182.410, σ 13.506, SE ±0, ME ±0, CI 115.8354% ~ 115.8354%
      Σ maxWin count = 729, hit = 1 in 4,595,336
      Σ Re-Spin count = 222,400,820, Re-Spin Occurence = 1 in 34.015
      Σ FS: 0% fs: 1 = 0.696%, 2 = 0.035%, 3 = 0.001%, 4 = 0%,  Σ count = 24,502,106, hit = 1 in 137
      Σ BG_reelSet1 = 95.014%, BG_reelSet2 = 4.89%, BG_reelSet3 = 0.096%,
      rounds/sec = 57,977.29
